15:55:05.150 [main] INFO  ro.gov.ithub.infotranspub.extraction.Main - Service parameters: 
	help = false
	extractor = ratb
	updateExisting = false
	useCache = true
	cacheFolder = data
	fixGpsCoordinates = true

15:55:05.785 [main] INFO  ro.gov.ithub.infotranspub.extraction.Main - tram = [1, 10, 5, 7, 8, 11, 14, 16, 21, 23, 24, 25, 27, 32, 35, 36, 40, 41, 42, 44, 45, 46, 47, 56]
15:55:05.786 [main] INFO  ro.gov.ithub.infotranspub.extraction.Main - Parsing line = 1
15:55:05.786 [main] INFO  ro.gov.ithub.infotranspub.extraction.Main - Line exists, but using cache to load data ...
15:55:05.862 [main] INFO  ro.gov.ithub.infotranspub.extraction.Main - Parsing line = 10
15:55:05.863 [main] INFO  ro.gov.ithub.infotranspub.extraction.Main - Line exists, but using cache to load data ...
15:55:05.907 [main] INFO  ro.gov.ithub.infotranspub.extraction.Main - Parsing line = 5
15:55:05.907 [main] INFO  ro.gov.ithub.infotranspub.extraction.Main - Line exists, but using cache to load data ...
15:55:05.915 [main] INFO  ro.gov.ithub.infotranspub.extraction.Main - Parsing line = 7
15:55:05.915 [main] INFO  ro.gov.ithub.infotranspub.extraction.Main - Line exists, but using cache to load data ...
15:55:05.922 [main] INFO  ro.gov.ithub.infotranspub.extraction.Main - Parsing line = 8
15:55:05.922 [main] INFO  ro.gov.ithub.infotranspub.extraction.Main - Line exists, but using cache to load data ...
15:55:05.932 [main] INFO  ro.gov.ithub.infotranspub.extraction.Main - Parsing line = 11
15:55:05.932 [main] INFO  ro.gov.ithub.infotranspub.extraction.Main - Line exists, but using cache to load data ...
15:55:06.232 [main] INFO  ro.gov.ithub.infotranspub.extraction.Main - Parsing line = 14
15:55:06.232 [main] INFO  ro.gov.ithub.infotranspub.extraction.Main - Line exists, but using cache to load data ...
15:55:06.243 [main] INFO  ro.gov.ithub.infotranspub.extraction.Main - Parsing line = 16
15:55:06.243 [main] INFO  ro.gov.ithub.infotranspub.extraction.Main - Line exists, but using cache to load data ...
15:55:06.252 [main] INFO  ro.gov.ithub.infotranspub.extraction.Main - Parsing line = 21
15:55:06.252 [main] INFO  ro.gov.ithub.infotranspub.extraction.Main - Line exists, but using cache to load data ...
15:55:06.263 [main] INFO  ro.gov.ithub.infotranspub.extraction.Main - Parsing line = 23
15:55:06.263 [main] INFO  ro.gov.ithub.infotranspub.extraction.Main - Line exists, but using cache to load data ...
15:55:06.272 [main] INFO  ro.gov.ithub.infotranspub.extraction.Main - Parsing line = 24
15:55:06.272 [main] INFO  ro.gov.ithub.infotranspub.extraction.Main - Line exists, but using cache to load data ...
15:55:06.700 [main] INFO  ro.gov.ithub.infotranspub.extraction.Main - Parsing line = 25
15:55:06.700 [main] INFO  ro.gov.ithub.infotranspub.extraction.Main - Line exists, but using cache to load data ...
15:55:06.710 [main] INFO  ro.gov.ithub.infotranspub.extraction.Main - Parsing line = 27
15:55:06.710 [main] INFO  ro.gov.ithub.infotranspub.extraction.Main - Line exists, but using cache to load data ...
15:55:06.715 [main] INFO  ro.gov.ithub.infotranspub.extraction.Main - Parsing line = 32
15:55:06.715 [main] INFO  ro.gov.ithub.infotranspub.extraction.Main - Line exists, but using cache to load data ...
15:55:06.724 [main] INFO  ro.gov.ithub.infotranspub.extraction.Main - Parsing line = 35
15:55:06.724 [main] INFO  ro.gov.ithub.infotranspub.extraction.Main - Line exists, but using cache to load data ...
15:55:07.004 [main] INFO  ro.gov.ithub.infotranspub.extraction.Main - Parsing line = 36
15:55:07.005 [main] INFO  ro.gov.ithub.infotranspub.extraction.Main - Line exists, but using cache to load data ...
15:55:07.009 [main] INFO  ro.gov.ithub.infotranspub.extraction.Main - Parsing line = 40
15:55:07.009 [main] INFO  ro.gov.ithub.infotranspub.extraction.Main - Line exists, but using cache to load data ...
15:55:07.017 [main] INFO  ro.gov.ithub.infotranspub.extraction.Main - Parsing line = 41
15:55:07.017 [main] INFO  ro.gov.ithub.infotranspub.extraction.Main - Line exists, but using cache to load data ...
15:55:07.031 [main] INFO  ro.gov.ithub.infotranspub.extraction.Main - Parsing line = 42
15:55:07.032 [main] INFO  ro.gov.ithub.infotranspub.extraction.Main - Line exists, but using cache to load data ...
15:55:07.033 [main] INFO  ro.gov.ithub.infotranspub.extraction.Main - Parsing line = 44
15:55:07.033 [main] INFO  ro.gov.ithub.infotranspub.extraction.Main - Line exists, but using cache to load data ...
15:55:07.036 [main] INFO  ro.gov.ithub.infotranspub.extraction.Main - Parsing line = 45
15:55:07.036 [main] INFO  ro.gov.ithub.infotranspub.extraction.Main - Line exists, but using cache to load data ...
15:55:07.040 [main] INFO  ro.gov.ithub.infotranspub.extraction.Main - Parsing line = 46
15:55:07.040 [main] INFO  ro.gov.ithub.infotranspub.extraction.Main - Line exists, but using cache to load data ...
15:55:07.043 [main] INFO  ro.gov.ithub.infotranspub.extraction.Main - Parsing line = 47
15:55:07.043 [main] INFO  ro.gov.ithub.infotranspub.extraction.Main - Line exists, but using cache to load data ...
15:55:07.312 [main] INFO  ro.gov.ithub.infotranspub.extraction.Main - Parsing line = 56
15:55:07.312 [main] INFO  ro.gov.ithub.infotranspub.extraction.Main - Line exists, but using cache to load data ...
15:55:07.647 [main] INFO  ro.gov.ithub.infotranspub.extraction.Main - bus = [101, 102, 103, 104, 105, 106, 112, 116, 117, 122, 123, 124, 125, 126, 131, 133, 135, 136, 137, 138, 139, 141, 143, 149, 162, 163, 168, 173, 178, 182, 185, 202, 205, 216, 220, 221, 222, 223, 226, 227, 232, 236, 243, 246, 253, 261, 268, 282, 300, 301, 302, 303, 304, 311, 312, 313, 323, 330, 331, 335, 336, 361, 368, 381, 385, 601, 604, 611, 634, 655, 668, 682, 696, 697]
15:55:07.648 [main] INFO  ro.gov.ithub.infotranspub.extraction.Main - Parsing line = 101
15:55:07.648 [main] INFO  ro.gov.ithub.infotranspub.extraction.Main - Line exists, but using cache to load data ...
15:55:07.661 [main] INFO  ro.gov.ithub.infotranspub.extraction.Main - Parsing line = 102
15:55:07.661 [main] INFO  ro.gov.ithub.infotranspub.extraction.Main - Line exists, but using cache to load data ...
15:55:08.244 [main] INFO  ro.gov.ithub.infotranspub.extraction.Main - Parsing line = 103
15:55:08.244 [main] INFO  ro.gov.ithub.infotranspub.extraction.Main - Line exists, but using cache to load data ...
15:55:09.451 [main] INFO  ro.gov.ithub.infotranspub.extraction.Main - Parsing line = 104
15:55:09.451 [main] INFO  ro.gov.ithub.infotranspub.extraction.Main - Line exists, but using cache to load data ...
15:55:09.784 [main] INFO  ro.gov.ithub.infotranspub.extraction.Main - Parsing line = 105
15:55:09.785 [main] INFO  ro.gov.ithub.infotranspub.extraction.Main - Line exists, but using cache to load data ...
15:55:09.991 [main] INFO  ro.gov.ithub.infotranspub.extraction.Main - Parsing line = 106
15:55:09.991 [main] INFO  ro.gov.ithub.infotranspub.extraction.Main - Line exists, but using cache to load data ...
15:55:09.992 [main] INFO  ro.gov.ithub.infotranspub.extraction.Main - Parsing line = 112
15:55:09.992 [main] INFO  ro.gov.ithub.infotranspub.extraction.Main - Line exists, but using cache to load data ...
15:55:10.091 [main] INFO  ro.gov.ithub.infotranspub.extraction.Main - Parsing line = 116
15:55:10.091 [main] INFO  ro.gov.ithub.infotranspub.extraction.Main - Line exists, but using cache to load data ...
15:55:10.096 [main] INFO  ro.gov.ithub.infotranspub.extraction.Main - Parsing line = 117
15:55:10.096 [main] INFO  ro.gov.ithub.infotranspub.extraction.Main - Line exists, but using cache to load data ...
15:55:10.101 [main] INFO  ro.gov.ithub.infotranspub.extraction.Main - Parsing line = 122
15:55:10.101 [main] INFO  ro.gov.ithub.infotranspub.extraction.Main - Line exists, but using cache to load data ...
15:55:10.298 [main] INFO  ro.gov.ithub.infotranspub.extraction.Main - Parsing line = 123
15:55:10.298 [main] INFO  ro.gov.ithub.infotranspub.extraction.Main - Line exists, but using cache to load data ...
15:55:10.430 [main] INFO  ro.gov.ithub.infotranspub.extraction.Main - Parsing line = 124
15:55:10.430 [main] INFO  ro.gov.ithub.infotranspub.extraction.Main - Line exists, but using cache to load data ...
15:55:10.588 [main] INFO  ro.gov.ithub.infotranspub.extraction.Main - Parsing line = 125
15:55:10.588 [main] INFO  ro.gov.ithub.infotranspub.extraction.Main - Line exists, but using cache to load data ...
15:55:10.590 [main] INFO  ro.gov.ithub.infotranspub.extraction.Main - Parsing line = 126
15:55:10.590 [main] INFO  ro.gov.ithub.infotranspub.extraction.Main - Line exists, but using cache to load data ...
15:55:10.591 [main] INFO  ro.gov.ithub.infotranspub.extraction.Main - Parsing line = 131
15:55:10.591 [main] INFO  ro.gov.ithub.infotranspub.extraction.Main - Line exists, but using cache to load data ...
15:55:10.594 [main] INFO  ro.gov.ithub.infotranspub.extraction.Main - Parsing line = 133
15:55:10.595 [main] INFO  ro.gov.ithub.infotranspub.extraction.Main - Line exists, but using cache to load data ...
15:55:10.696 [main] INFO  ro.gov.ithub.infotranspub.extraction.Main - Parsing line = 135
15:55:10.696 [main] INFO  ro.gov.ithub.infotranspub.extraction.Main - Line exists, but using cache to load data ...
15:55:10.812 [main] INFO  ro.gov.ithub.infotranspub.extraction.Main - Parsing line = 136
15:55:10.812 [main] INFO  ro.gov.ithub.infotranspub.extraction.Main - Line exists, but using cache to load data ...
15:55:10.815 [main] INFO  ro.gov.ithub.infotranspub.extraction.Main - Parsing line = 137
15:55:10.815 [main] INFO  ro.gov.ithub.infotranspub.extraction.Main - Line exists, but using cache to load data ...
15:55:10.821 [main] INFO  ro.gov.ithub.infotranspub.extraction.Main - Parsing line = 138
15:55:10.821 [main] INFO  ro.gov.ithub.infotranspub.extraction.Main - Line exists, but using cache to load data ...
15:55:10.824 [main] INFO  ro.gov.ithub.infotranspub.extraction.Main - Parsing line = 139
15:55:10.824 [main] INFO  ro.gov.ithub.infotranspub.extraction.Main - Line exists, but using cache to load data ...
15:55:10.835 [main] INFO  ro.gov.ithub.infotranspub.extraction.Main - Parsing line = 141
15:55:10.835 [main] INFO  ro.gov.ithub.infotranspub.extraction.Main - Line exists, but using cache to load data ...
15:55:10.839 [main] INFO  ro.gov.ithub.infotranspub.extraction.Main - Parsing line = 143
15:55:10.840 [main] INFO  ro.gov.ithub.infotranspub.extraction.Main - Line exists, but using cache to load data ...
15:55:10.842 [main] INFO  ro.gov.ithub.infotranspub.extraction.Main - Parsing line = 149
15:55:10.842 [main] INFO  ro.gov.ithub.infotranspub.extraction.Main - Line exists, but using cache to load data ...
15:55:10.843 [main] INFO  ro.gov.ithub.infotranspub.extraction.Main - Parsing line = 162
15:55:10.843 [main] INFO  ro.gov.ithub.infotranspub.extraction.Main - Line exists, but using cache to load data ...
15:55:11.333 [main] INFO  ro.gov.ithub.infotranspub.extraction.Main - Parsing line = 163
15:55:11.333 [main] INFO  ro.gov.ithub.infotranspub.extraction.Main - Line exists, but using cache to load data ...
15:55:11.841 [main] INFO  ro.gov.ithub.infotranspub.extraction.Main - Parsing line = 168
15:55:11.841 [main] INFO  ro.gov.ithub.infotranspub.extraction.Main - Line exists, but using cache to load data ...
15:55:12.449 [main] INFO  ro.gov.ithub.infotranspub.extraction.Main - Parsing line = 173
15:55:12.449 [main] INFO  ro.gov.ithub.infotranspub.extraction.Main - Line exists, but using cache to load data ...
15:55:12.452 [main] INFO  ro.gov.ithub.infotranspub.extraction.Main - Parsing line = 178
15:55:12.452 [main] INFO  ro.gov.ithub.infotranspub.extraction.Main - Line exists, but using cache to load data ...
15:55:12.459 [main] INFO  ro.gov.ithub.infotranspub.extraction.Main - Parsing line = 182
15:55:12.459 [main] INFO  ro.gov.ithub.infotranspub.extraction.Main - Line exists, but using cache to load data ...
15:55:12.766 [main] INFO  ro.gov.ithub.infotranspub.extraction.Main - Parsing line = 185
15:55:12.766 [main] INFO  ro.gov.ithub.infotranspub.extraction.Main - Line exists, but using cache to load data ...
15:55:12.954 [main] INFO  ro.gov.ithub.infotranspub.extraction.Main - Parsing line = 202
15:55:12.955 [main] INFO  ro.gov.ithub.infotranspub.extraction.Main - Line exists, but using cache to load data ...
15:55:13.056 [main] INFO  ro.gov.ithub.infotranspub.extraction.Main - Parsing line = 205
15:55:13.057 [main] INFO  ro.gov.ithub.infotranspub.extraction.Main - Line exists, but using cache to load data ...
15:55:13.199 [main] INFO  ro.gov.ithub.infotranspub.extraction.Main - Parsing line = 216
15:55:13.199 [main] INFO  ro.gov.ithub.infotranspub.extraction.Main - Line exists, but using cache to load data ...
15:55:14.368 [main] INFO  ro.gov.ithub.infotranspub.extraction.Main - Parsing line = 220
15:55:14.368 [main] INFO  ro.gov.ithub.infotranspub.extraction.Main - Line exists, but using cache to load data ...
15:55:14.373 [main] INFO  ro.gov.ithub.infotranspub.extraction.Main - Parsing line = 221
15:55:14.373 [main] INFO  ro.gov.ithub.infotranspub.extraction.Main - Line exists, but using cache to load data ...
15:55:14.374 [main] INFO  ro.gov.ithub.infotranspub.extraction.Main - Parsing line = 222
15:55:14.374 [main] INFO  ro.gov.ithub.infotranspub.extraction.Main - Line exists, but using cache to load data ...
15:55:14.570 [main] INFO  ro.gov.ithub.infotranspub.extraction.Main - Parsing line = 223
15:55:14.570 [main] INFO  ro.gov.ithub.infotranspub.extraction.Main - Line exists, but using cache to load data ...
15:55:15.674 [main] INFO  ro.gov.ithub.infotranspub.extraction.Main - Parsing line = 226
15:55:15.674 [main] INFO  ro.gov.ithub.infotranspub.extraction.Main - Line exists, but using cache to load data ...
15:55:16.072 [main] INFO  ro.gov.ithub.infotranspub.extraction.Main - Parsing line = 227
15:55:16.072 [main] INFO  ro.gov.ithub.infotranspub.extraction.Main - Line exists, but using cache to load data ...
15:55:17.046 [main] INFO  ro.gov.ithub.infotranspub.extraction.Main - Parsing line = 232
15:55:17.046 [main] INFO  ro.gov.ithub.infotranspub.extraction.Main - Line exists, but using cache to load data ...
15:55:17.284 [main] INFO  ro.gov.ithub.infotranspub.extraction.Main - Parsing line = 236
15:55:17.284 [main] INFO  ro.gov.ithub.infotranspub.extraction.Main - Line exists, but using cache to load data ...
15:55:17.285 [main] INFO  ro.gov.ithub.infotranspub.extraction.Main - Parsing line = 243
15:55:17.285 [main] INFO  ro.gov.ithub.infotranspub.extraction.Main - Line exists, but using cache to load data ...
15:55:17.506 [main] INFO  ro.gov.ithub.infotranspub.extraction.Main - Parsing line = 246
15:55:17.506 [main] INFO  ro.gov.ithub.infotranspub.extraction.Main - Line exists, but using cache to load data ...
15:55:18.549 [main] INFO  ro.gov.ithub.infotranspub.extraction.Main - Parsing line = 253
15:55:18.549 [main] INFO  ro.gov.ithub.infotranspub.extraction.Main - Line exists, but using cache to load data ...
15:55:18.557 [main] INFO  ro.gov.ithub.infotranspub.extraction.Main - Parsing line = 261
15:55:18.558 [main] INFO  ro.gov.ithub.infotranspub.extraction.Main - Line exists, but using cache to load data ...
15:55:18.803 [main] INFO  ro.gov.ithub.infotranspub.extraction.Main - Parsing line = 268
15:55:18.803 [main] INFO  ro.gov.ithub.infotranspub.extraction.Main - Line exists, but using cache to load data ...
15:55:18.804 [main] INFO  ro.gov.ithub.infotranspub.extraction.Main - Parsing line = 282
15:55:18.804 [main] INFO  ro.gov.ithub.infotranspub.extraction.Main - Line exists, but using cache to load data ...
15:55:19.155 [main] INFO  ro.gov.ithub.infotranspub.extraction.Main - Parsing line = 300
15:55:19.156 [main] INFO  ro.gov.ithub.infotranspub.extraction.Main - Line exists, but using cache to load data ...
15:55:19.171 [main] INFO  ro.gov.ithub.infotranspub.extraction.Main - Parsing line = 301
15:55:19.172 [main] INFO  ro.gov.ithub.infotranspub.extraction.Main - Line exists, but using cache to load data ...
15:55:19.605 [main] INFO  ro.gov.ithub.infotranspub.extraction.Main - Parsing line = 302
15:55:19.605 [main] INFO  ro.gov.ithub.infotranspub.extraction.Main - Line exists, but using cache to load data ...
15:55:20.184 [main] INFO  ro.gov.ithub.infotranspub.extraction.Main - Parsing line = 303
15:55:20.184 [main] INFO  ro.gov.ithub.infotranspub.extraction.Main - Line exists, but using cache to load data ...
15:55:20.185 [main] INFO  ro.gov.ithub.infotranspub.extraction.Main - Parsing line = 304
15:55:20.185 [main] INFO  ro.gov.ithub.infotranspub.extraction.Main - Line exists, but using cache to load data ...
15:55:20.608 [main] INFO  ro.gov.ithub.infotranspub.extraction.Main - Parsing line = 311
15:55:20.608 [main] INFO  ro.gov.ithub.infotranspub.extraction.Main - Line exists, but using cache to load data ...
15:55:20.612 [main] INFO  ro.gov.ithub.infotranspub.extraction.Main - Parsing line = 312
15:55:20.612 [main] INFO  ro.gov.ithub.infotranspub.extraction.Main - Line exists, but using cache to load data ...
15:55:20.614 [main] INFO  ro.gov.ithub.infotranspub.extraction.Main - Parsing line = 313
15:55:20.614 [main] INFO  ro.gov.ithub.infotranspub.extraction.Main - Line exists, but using cache to load data ...
15:55:20.618 [main] INFO  ro.gov.ithub.infotranspub.extraction.Main - Parsing line = 323
15:55:20.618 [main] INFO  ro.gov.ithub.infotranspub.extraction.Main - Line exists, but using cache to load data ...
15:55:20.926 [main] INFO  ro.gov.ithub.infotranspub.extraction.Main - Parsing line = 330
15:55:20.927 [main] INFO  ro.gov.ithub.infotranspub.extraction.Main - Line exists, but using cache to load data ...
15:55:20.930 [main] INFO  ro.gov.ithub.infotranspub.extraction.Main - Parsing line = 331
15:55:20.930 [main] INFO  ro.gov.ithub.infotranspub.extraction.Main - Line exists, but using cache to load data ...
15:55:20.935 [main] INFO  ro.gov.ithub.infotranspub.extraction.Main - Parsing line = 335
15:55:20.935 [main] INFO  ro.gov.ithub.infotranspub.extraction.Main - Line exists, but using cache to load data ...
15:55:20.942 [main] INFO  ro.gov.ithub.infotranspub.extraction.Main - Parsing line = 336
15:55:20.942 [main] INFO  ro.gov.ithub.infotranspub.extraction.Main - Line exists, but using cache to load data ...
15:55:20.947 [main] INFO  ro.gov.ithub.infotranspub.extraction.Main - Parsing line = 361
15:55:20.947 [main] INFO  ro.gov.ithub.infotranspub.extraction.Main - Line exists, but using cache to load data ...
15:55:21.364 [main] INFO  ro.gov.ithub.infotranspub.extraction.Main - Parsing line = 368
15:55:21.364 [main] INFO  ro.gov.ithub.infotranspub.extraction.Main - Line exists, but using cache to load data ...
15:55:21.369 [main] INFO  ro.gov.ithub.infotranspub.extraction.Main - Parsing line = 381
15:55:21.369 [main] INFO  ro.gov.ithub.infotranspub.extraction.Main - Line exists, but using cache to load data ...
15:55:21.531 [main] INFO  ro.gov.ithub.infotranspub.extraction.Main - Parsing line = 385
15:55:21.532 [main] INFO  ro.gov.ithub.infotranspub.extraction.Main - Line exists, but using cache to load data ...
15:55:21.704 [main] INFO  ro.gov.ithub.infotranspub.extraction.Main - Parsing line = 601
15:55:21.704 [main] INFO  ro.gov.ithub.infotranspub.extraction.Main - Line exists, but using cache to load data ...
15:55:21.790 [main] INFO  ro.gov.ithub.infotranspub.extraction.Main - Parsing line = 604
15:55:21.790 [main] INFO  ro.gov.ithub.infotranspub.extraction.Main - Line exists, but using cache to load data ...
15:55:21.791 [main] INFO  ro.gov.ithub.infotranspub.extraction.Main - Parsing line = 611
15:55:21.791 [main] INFO  ro.gov.ithub.infotranspub.extraction.Main - Line exists, but using cache to load data ...
15:55:21.792 [main] INFO  ro.gov.ithub.infotranspub.extraction.Main - Parsing line = 634
15:55:21.792 [main] INFO  ro.gov.ithub.infotranspub.extraction.Main - Line exists, but using cache to load data ...
15:55:21.900 [main] INFO  ro.gov.ithub.infotranspub.extraction.Main - Parsing line = 655
15:55:21.900 [main] INFO  ro.gov.ithub.infotranspub.extraction.Main - Line exists, but using cache to load data ...
15:55:21.999 [main] INFO  ro.gov.ithub.infotranspub.extraction.Main - Parsing line = 668
15:55:21.999 [main] INFO  ro.gov.ithub.infotranspub.extraction.Main - Line exists, but using cache to load data ...
15:55:22.001 [main] INFO  ro.gov.ithub.infotranspub.extraction.Main - Parsing line = 682
15:55:22.002 [main] INFO  ro.gov.ithub.infotranspub.extraction.Main - Line exists, but using cache to load data ...
15:55:22.190 [main] INFO  ro.gov.ithub.infotranspub.extraction.Main - Parsing line = 696
15:55:22.190 [main] INFO  ro.gov.ithub.infotranspub.extraction.Main - Line exists, but using cache to load data ...
15:55:22.191 [main] INFO  ro.gov.ithub.infotranspub.extraction.Main - Parsing line = 697
15:55:22.191 [main] INFO  ro.gov.ithub.infotranspub.extraction.Main - Line exists, but using cache to load data ...
15:55:22.586 [main] INFO  ro.gov.ithub.infotranspub.extraction.Main - trolleyBus = [61, 62, 65, 66, 69, 70, 73, 77, 79, 85, 86, 90, 91, 93, 96]
15:55:22.586 [main] INFO  ro.gov.ithub.infotranspub.extraction.Main - Parsing line = 61
15:55:22.586 [main] INFO  ro.gov.ithub.infotranspub.extraction.Main - Line exists, but using cache to load data ...
15:55:22.593 [main] INFO  ro.gov.ithub.infotranspub.extraction.Main - Parsing line = 62
15:55:22.593 [main] INFO  ro.gov.ithub.infotranspub.extraction.Main - Line exists, but using cache to load data ...
15:55:22.597 [main] INFO  ro.gov.ithub.infotranspub.extraction.Main - Parsing line = 65
15:55:22.597 [main] INFO  ro.gov.ithub.infotranspub.extraction.Main - Line exists, but using cache to load data ...
15:55:22.601 [main] INFO  ro.gov.ithub.infotranspub.extraction.Main - Parsing line = 66
15:55:22.601 [main] INFO  ro.gov.ithub.infotranspub.extraction.Main - Line exists, but using cache to load data ...
15:55:22.793 [main] INFO  ro.gov.ithub.infotranspub.extraction.Main - Parsing line = 69
15:55:22.794 [main] INFO  ro.gov.ithub.infotranspub.extraction.Main - Line exists, but using cache to load data ...
15:55:22.794 [main] INFO  ro.gov.ithub.infotranspub.extraction.Main - Parsing line = 70
15:55:22.794 [main] INFO  ro.gov.ithub.infotranspub.extraction.Main - Line exists, but using cache to load data ...
15:55:22.800 [main] INFO  ro.gov.ithub.infotranspub.extraction.Main - Parsing line = 73
15:55:22.800 [main] INFO  ro.gov.ithub.infotranspub.extraction.Main - Line exists, but using cache to load data ...
15:55:22.805 [main] INFO  ro.gov.ithub.infotranspub.extraction.Main - Parsing line = 77
15:55:22.805 [main] INFO  ro.gov.ithub.infotranspub.extraction.Main - Line exists, but using cache to load data ...
15:55:22.808 [main] INFO  ro.gov.ithub.infotranspub.extraction.Main - Parsing line = 79
15:55:22.808 [main] INFO  ro.gov.ithub.infotranspub.extraction.Main - Line exists, but using cache to load data ...
15:55:22.811 [main] INFO  ro.gov.ithub.infotranspub.extraction.Main - Parsing line = 85
15:55:22.811 [main] INFO  ro.gov.ithub.infotranspub.extraction.Main - Line exists, but using cache to load data ...
15:55:22.814 [main] INFO  ro.gov.ithub.infotranspub.extraction.Main - Parsing line = 86
15:55:22.814 [main] INFO  ro.gov.ithub.infotranspub.extraction.Main - Line exists, but using cache to load data ...
15:55:22.820 [main] INFO  ro.gov.ithub.infotranspub.extraction.Main - Parsing line = 90
15:55:22.821 [main] INFO  ro.gov.ithub.infotranspub.extraction.Main - Line exists, but using cache to load data ...
15:55:22.823 [main] INFO  ro.gov.ithub.infotranspub.extraction.Main - Parsing line = 91
15:55:22.824 [main] INFO  ro.gov.ithub.infotranspub.extraction.Main - Line exists, but using cache to load data ...
15:55:22.825 [main] INFO  ro.gov.ithub.infotranspub.extraction.Main - Parsing line = 93
15:55:22.825 [main] INFO  ro.gov.ithub.infotranspub.extraction.Main - Line exists, but using cache to load data ...
15:55:22.828 [main] INFO  ro.gov.ithub.infotranspub.extraction.Main - Parsing line = 96
15:55:22.828 [main] INFO  ro.gov.ithub.infotranspub.extraction.Main - Line exists, but using cache to load data ...
15:55:23.005 [main] INFO  ro.gov.ithub.infotranspub.extraction.Main - express = [780, 783]
15:55:23.006 [main] INFO  ro.gov.ithub.infotranspub.extraction.Main - Parsing line = 780
15:55:23.006 [main] INFO  ro.gov.ithub.infotranspub.extraction.Main - Line exists, but using cache to load data ...
15:55:23.010 [main] INFO  ro.gov.ithub.infotranspub.extraction.Main - Parsing line = 783
15:55:23.010 [main] INFO  ro.gov.ithub.infotranspub.extraction.Main - Line exists, but using cache to load data ...
15:55:23.106 [main] INFO  ro.gov.ithub.infotranspub.extraction.Main - metropolitan = [402, 406, 408, 409, 414, 422, 427, 428, 438, 439, 449, 453, 455, 456, 460, 462, 471]
15:55:23.106 [main] INFO  ro.gov.ithub.infotranspub.extraction.Main - Parsing line = 402
15:55:23.106 [main] INFO  ro.gov.ithub.infotranspub.extraction.Main - Line exists, but using cache to load data ...
15:55:23.108 [main] INFO  ro.gov.ithub.infotranspub.extraction.Main - Parsing line = 406
15:55:23.108 [main] INFO  ro.gov.ithub.infotranspub.extraction.Main - Line exists, but using cache to load data ...
15:55:26.006 [main] INFO  ro.gov.ithub.infotranspub.extraction.Main - Parsing line = 408
15:55:26.006 [main] INFO  ro.gov.ithub.infotranspub.extraction.Main - Line exists, but using cache to load data ...
15:55:26.007 [main] INFO  ro.gov.ithub.infotranspub.extraction.Main - Parsing line = 409
15:55:26.007 [main] INFO  ro.gov.ithub.infotranspub.extraction.Main - Line exists, but using cache to load data ...
15:55:26.007 [main] INFO  ro.gov.ithub.infotranspub.extraction.Main - Parsing line = 414
15:55:26.007 [main] INFO  ro.gov.ithub.infotranspub.extraction.Main - Line exists, but using cache to load data ...
15:55:26.007 [main] INFO  ro.gov.ithub.infotranspub.extraction.Main - Parsing line = 422
15:55:26.007 [main] INFO  ro.gov.ithub.infotranspub.extraction.Main - Line exists, but using cache to load data ...
15:55:26.897 [main] INFO  ro.gov.ithub.infotranspub.extraction.Main - Parsing line = 427
15:55:26.897 [main] INFO  ro.gov.ithub.infotranspub.extraction.Main - Line exists, but using cache to load data ...
15:55:27.052 [main] INFO  ro.gov.ithub.infotranspub.extraction.Main - Parsing line = 428
15:55:27.052 [main] INFO  ro.gov.ithub.infotranspub.extraction.Main - Line exists, but using cache to load data ...
15:55:27.245 [main] INFO  ro.gov.ithub.infotranspub.extraction.Main - Parsing line = 438
15:55:27.245 [main] INFO  ro.gov.ithub.infotranspub.extraction.Main - Line exists, but using cache to load data ...
15:55:27.434 [main] INFO  ro.gov.ithub.infotranspub.extraction.Main - Parsing line = 439
15:55:27.434 [main] INFO  ro.gov.ithub.infotranspub.extraction.Main - Line exists, but using cache to load data ...
15:55:27.632 [main] INFO  ro.gov.ithub.infotranspub.extraction.Main - Parsing line = 449
15:55:27.632 [main] INFO  ro.gov.ithub.infotranspub.extraction.Main - Line exists, but using cache to load data ...
15:55:27.632 [main] INFO  ro.gov.ithub.infotranspub.extraction.Main - Parsing line = 453
15:55:27.633 [main] INFO  ro.gov.ithub.infotranspub.extraction.Main - Line exists, but using cache to load data ...
15:55:27.633 [main] INFO  ro.gov.ithub.infotranspub.extraction.Main - Parsing line = 455
15:55:27.633 [main] INFO  ro.gov.ithub.infotranspub.extraction.Main - Line exists, but using cache to load data ...
15:55:27.729 [main] INFO  ro.gov.ithub.infotranspub.extraction.Main - Parsing line = 456
15:55:27.729 [main] INFO  ro.gov.ithub.infotranspub.extraction.Main - Line exists, but using cache to load data ...
15:55:28.171 [main] INFO  ro.gov.ithub.infotranspub.extraction.Main - Parsing line = 460
15:55:28.171 [main] INFO  ro.gov.ithub.infotranspub.extraction.Main - Line exists, but using cache to load data ...
15:55:28.383 [main] INFO  ro.gov.ithub.infotranspub.extraction.Main - Parsing line = 462
15:55:28.383 [main] INFO  ro.gov.ithub.infotranspub.extraction.Main - Line exists, but using cache to load data ...
15:55:28.503 [main] INFO  ro.gov.ithub.infotranspub.extraction.Main - Parsing line = 471
15:55:28.503 [main] INFO  ro.gov.ithub.infotranspub.extraction.Main - Line exists, but using cache to load data ...
15:55:28.747 [main] INFO  ro.gov.ithub.infotranspub.extraction.Main - night = [N101, N102, N103, N104, N105, N106, N107, N108, N109, N110, N111, N112, N113, N114, N115, N116, N117, N118, N119, N120, N121, N122, N123, N124, N125]
15:55:28.748 [main] INFO  ro.gov.ithub.infotranspub.extraction.Main - Parsing line = N101
15:55:28.748 [main] INFO  ro.gov.ithub.infotranspub.extraction.Main - Line exists, but using cache to load data ...
15:55:28.865 [main] INFO  ro.gov.ithub.infotranspub.extraction.Main - Parsing line = N102
15:55:28.865 [main] INFO  ro.gov.ithub.infotranspub.extraction.Main - Line exists, but using cache to load data ...
15:55:28.974 [main] INFO  ro.gov.ithub.infotranspub.extraction.Main - Parsing line = N103
15:55:28.975 [main] INFO  ro.gov.ithub.infotranspub.extraction.Main - Line exists, but using cache to load data ...
15:55:29.179 [main] INFO  ro.gov.ithub.infotranspub.extraction.Main - Parsing line = N104
15:55:29.179 [main] INFO  ro.gov.ithub.infotranspub.extraction.Main - Line exists, but using cache to load data ...
15:55:29.435 [main] INFO  ro.gov.ithub.infotranspub.extraction.Main - Parsing line = N105
15:55:29.435 [main] INFO  ro.gov.ithub.infotranspub.extraction.Main - Line exists, but using cache to load data ...
15:55:29.975 [main] INFO  ro.gov.ithub.infotranspub.extraction.Main - Parsing line = N106
15:55:29.975 [main] INFO  ro.gov.ithub.infotranspub.extraction.Main - Line exists, but using cache to load data ...
15:55:30.081 [main] INFO  ro.gov.ithub.infotranspub.extraction.Main - Parsing line = N107
15:55:30.081 [main] INFO  ro.gov.ithub.infotranspub.extraction.Main - Line exists, but using cache to load data ...
15:55:30.492 [main] INFO  ro.gov.ithub.infotranspub.extraction.Main - Parsing line = N108
15:55:30.492 [main] INFO  ro.gov.ithub.infotranspub.extraction.Main - Line exists, but using cache to load data ...
15:55:30.890 [main] INFO  ro.gov.ithub.infotranspub.extraction.Main - Parsing line = N109
15:55:30.890 [main] INFO  ro.gov.ithub.infotranspub.extraction.Main - Line exists, but using cache to load data ...
15:55:31.853 [main] INFO  ro.gov.ithub.infotranspub.extraction.Main - Parsing line = N110
15:55:31.853 [main] INFO  ro.gov.ithub.infotranspub.extraction.Main - Line exists, but using cache to load data ...
15:55:31.968 [main] INFO  ro.gov.ithub.infotranspub.extraction.Main - Parsing line = N111
15:55:31.968 [main] INFO  ro.gov.ithub.infotranspub.extraction.Main - Line exists, but using cache to load data ...
15:55:32.068 [main] INFO  ro.gov.ithub.infotranspub.extraction.Main - Parsing line = N112
15:55:32.068 [main] INFO  ro.gov.ithub.infotranspub.extraction.Main - Line exists, but using cache to load data ...
15:55:33.157 [main] INFO  ro.gov.ithub.infotranspub.extraction.Main - Parsing line = N113
15:55:33.157 [main] INFO  ro.gov.ithub.infotranspub.extraction.Main - Line exists, but using cache to load data ...
15:55:33.253 [main] INFO  ro.gov.ithub.infotranspub.extraction.Main - Parsing line = N114
15:55:33.253 [main] INFO  ro.gov.ithub.infotranspub.extraction.Main - Line exists, but using cache to load data ...
15:55:33.730 [main] INFO  ro.gov.ithub.infotranspub.extraction.Main - Parsing line = N115
15:55:33.730 [main] INFO  ro.gov.ithub.infotranspub.extraction.Main - Line exists, but using cache to load data ...
15:55:33.827 [main] INFO  ro.gov.ithub.infotranspub.extraction.Main - Parsing line = N116
15:55:33.827 [main] INFO  ro.gov.ithub.infotranspub.extraction.Main - Line exists, but using cache to load data ...
15:55:34.037 [main] INFO  ro.gov.ithub.infotranspub.extraction.Main - Parsing line = N117
15:55:34.037 [main] INFO  ro.gov.ithub.infotranspub.extraction.Main - Line exists, but using cache to load data ...
15:55:34.144 [main] INFO  ro.gov.ithub.infotranspub.extraction.Main - Parsing line = N118
15:55:34.144 [main] INFO  ro.gov.ithub.infotranspub.extraction.Main - Line exists, but using cache to load data ...
15:55:34.379 [main] INFO  ro.gov.ithub.infotranspub.extraction.Main - Parsing line = N119
15:55:34.379 [main] INFO  ro.gov.ithub.infotranspub.extraction.Main - Line exists, but using cache to load data ...
15:55:34.486 [main] INFO  ro.gov.ithub.infotranspub.extraction.Main - Parsing line = N120
15:55:34.486 [main] INFO  ro.gov.ithub.infotranspub.extraction.Main - Line exists, but using cache to load data ...
15:55:35.385 [main] INFO  ro.gov.ithub.infotranspub.extraction.Main - Parsing line = N121
15:55:35.386 [main] INFO  ro.gov.ithub.infotranspub.extraction.Main - Line exists, but using cache to load data ...
15:55:35.386 [main] INFO  ro.gov.ithub.infotranspub.extraction.Main - Parsing line = N122
15:55:35.386 [main] INFO  ro.gov.ithub.infotranspub.extraction.Main - Line exists, but using cache to load data ...
15:55:35.745 [main] INFO  ro.gov.ithub.infotranspub.extraction.Main - Parsing line = N123
15:55:35.745 [main] INFO  ro.gov.ithub.infotranspub.extraction.Main - Line exists, but using cache to load data ...
15:55:36.118 [main] INFO  ro.gov.ithub.infotranspub.extraction.Main - Parsing line = N124
15:55:36.119 [main] INFO  ro.gov.ithub.infotranspub.extraction.Main - Line exists, but using cache to load data ...
15:55:36.523 [main] INFO  ro.gov.ithub.infotranspub.extraction.Main - Parsing line = N125
15:55:36.524 [main] INFO  ro.gov.ithub.infotranspub.extraction.Main - Line exists, but using cache to load data ...
